<?xml version="1.0" encoding="UTF-8"?>
<testsuite xmlns:xsi="http://www.w3.org/2001/XMLSchema-instance" xsi:schemaLocation="https://maven.apache.org/surefire/maven-surefire-plugin/xsd/surefire-test-report.xsd" name="com.diaudrimes.productapp.api.ProductControllerTest" time="0.59" tests="15" errors="0" skipped="0" failures="0">
  <properties>
    <property name="java.runtime.name" value="Java(TM) SE Runtime Environment"/>
    <property name="sun.boot.library.path" value="/Library/Java/JavaVirtualMachines/jdk1.8.0_171.jdk/Contents/Home/jre/lib"/>
    <property name="java.vm.version" value="25.171-b11"/>
    <property name="gopherProxySet" value="false"/>
    <property name="java.vm.vendor" value="Oracle Corporation"/>
    <property name="maven.multiModuleProjectDirectory" value="/Users/diego/Documents/Dev/workspaces/eclipse/ProductApp"/>
    <property name="java.vendor.url" value="http://java.oracle.com/"/>
    <property name="path.separator" value=":"/>
    <property name="guice.disable.misplaced.annotation.check" value="true"/>
    <property name="java.vm.name" value="Java HotSpot(TM) 64-Bit Server VM"/>
    <property name="file.encoding.pkg" value="sun.io"/>
    <property name="user.country" value="BR"/>
    <property name="sun.java.launcher" value="SUN_STANDARD"/>
    <property name="sun.os.patch.level" value="unknown"/>
    <property name="java.vm.specification.name" value="Java Virtual Machine Specification"/>
    <property name="user.dir" value="/Users/diego/Documents/Dev/workspaces/eclipse/ProductApp"/>
    <property name="java.runtime.version" value="1.8.0_171-b11"/>
    <property name="java.awt.graphicsenv" value="sun.awt.CGraphicsEnvironment"/>
    <property name="java.endorsed.dirs" value="/Library/Java/JavaVirtualMachines/jdk1.8.0_171.jdk/Contents/Home/jre/lib/endorsed"/>
    <property name="os.arch" value="x86_64"/>
    <property name="java.io.tmpdir" value="/var/folders/vt/4sv3j22n1tg2hwv2_yx_fw_80000gn/T/"/>
    <property name="line.separator" value="&#10;"/>
    <property name="java.vm.specification.vendor" value="Oracle Corporation"/>
    <property name="os.name" value="Mac OS X"/>
    <property name="classworlds.conf" value="/Users/diego/.m2/wrapper/dists/apache-maven-3.5.4-bin/jl1qqhdeineh9qg83dtj7i91c/apache-maven-3.5.4/bin/m2.conf"/>
    <property name="sun.jnu.encoding" value="UTF-8"/>
    <property name="java.library.path" value="/Users/diego/Library/Java/Extensions:/Library/Java/Extensions:/Network/Library/Java/Extensions:/System/Library/Java/Extensions:/usr/lib/java:."/>
    <property name="maven.conf" value="/Users/diego/.m2/wrapper/dists/apache-maven-3.5.4-bin/jl1qqhdeineh9qg83dtj7i91c/apache-maven-3.5.4/conf"/>
    <property name="java.specification.name" value="Java Platform API Specification"/>
    <property name="java.class.version" value="52.0"/>
    <property name="sun.management.compiler" value="HotSpot 64-Bit Tiered Compilers"/>
    <property name="os.version" value="10.13.6"/>
    <property name="user.home" value="/Users/diego"/>
    <property name="user.timezone" value="America/Sao_Paulo"/>
    <property name="java.awt.printerjob" value="sun.lwawt.macosx.CPrinterJob"/>
    <property name="java.specification.version" value="1.8"/>
    <property name="file.encoding" value="UTF-8"/>
    <property name="user.name" value="diego"/>
    <property name="java.class.path" value="/Users/diego/Documents/Dev/workspaces/eclipse/ProductApp/.mvn/wrapper/maven-wrapper.jar"/>
    <property name="java.vm.specification.version" value="1.8"/>
    <property name="sun.arch.data.model" value="64"/>
    <property name="java.home" value="/Library/Java/JavaVirtualMachines/jdk1.8.0_171.jdk/Contents/Home/jre"/>
    <property name="sun.java.command" value="org.apache.maven.wrapper.MavenWrapperMain clean install"/>
    <property name="java.specification.vendor" value="Oracle Corporation"/>
    <property name="user.language" value="en"/>
    <property name="awt.toolkit" value="sun.lwawt.macosx.LWCToolkit"/>
    <property name="java.vm.info" value="mixed mode"/>
    <property name="java.version" value="1.8.0_171"/>
    <property name="java.ext.dirs" value="/Users/diego/Library/Java/Extensions:/Library/Java/JavaVirtualMachines/jdk1.8.0_171.jdk/Contents/Home/jre/lib/ext:/Library/Java/Extensions:/Network/Library/Java/Extensions:/System/Library/Java/Extensions:/usr/lib/java"/>
    <property name="sun.boot.class.path" value="/Library/Java/JavaVirtualMachines/jdk1.8.0_171.jdk/Contents/Home/jre/lib/resources.jar:/Library/Java/JavaVirtualMachines/jdk1.8.0_171.jdk/Contents/Home/jre/lib/rt.jar:/Library/Java/JavaVirtualMachines/jdk1.8.0_171.jdk/Contents/Home/jre/lib/sunrsasign.jar:/Library/Java/JavaVirtualMachines/jdk1.8.0_171.jdk/Contents/Home/jre/lib/jsse.jar:/Library/Java/JavaVirtualMachines/jdk1.8.0_171.jdk/Contents/Home/jre/lib/jce.jar:/Library/Java/JavaVirtualMachines/jdk1.8.0_171.jdk/Contents/Home/jre/lib/charsets.jar:/Library/Java/JavaVirtualMachines/jdk1.8.0_171.jdk/Contents/Home/jre/lib/jfr.jar:/Library/Java/JavaVirtualMachines/jdk1.8.0_171.jdk/Contents/Home/jre/classes"/>
    <property name="java.vendor" value="Oracle Corporation"/>
    <property name="maven.home" value="/Users/diego/.m2/wrapper/dists/apache-maven-3.5.4-bin/jl1qqhdeineh9qg83dtj7i91c/apache-maven-3.5.4"/>
    <property name="file.separator" value="/"/>
    <property name="java.vendor.url.bug" value="http://bugreport.sun.com/bugreport/"/>
    <property name="sun.cpu.endian" value="little"/>
    <property name="sun.io.unicode.encoding" value="UnicodeBig"/>
    <property name="sun.cpu.isalist" value=""/>
  </properties>
  <testcase name="test_patchProduct_InvalidNameAndQuantity" classname="com.diaudrimes.productapp.api.ProductControllerTest" time="0.391"/>
  <testcase name="test_patchProduct_InvalidQuantity" classname="com.diaudrimes.productapp.api.ProductControllerTest" time="0.004"/>
  <testcase name="test_deleteProduct_ValidID" classname="com.diaudrimes.productapp.api.ProductControllerTest" time="0.003"/>
  <testcase name="test_postProduct_InvalidNameAndQuantity" classname="com.diaudrimes.productapp.api.ProductControllerTest" time="0.003"/>
  <testcase name="test_patchProduct_ValidParameters" classname="com.diaudrimes.productapp.api.ProductControllerTest" time="0.002"/>
  <testcase name="test_postProduct_InvalidName" classname="com.diaudrimes.productapp.api.ProductControllerTest" time="0.001"/>
  <testcase name="test_getProductById_InvalidId" classname="com.diaudrimes.productapp.api.ProductControllerTest" time="0.001"/>
  <testcase name="test_getProductById_NotFound" classname="com.diaudrimes.productapp.api.ProductControllerTest" time="0.001"/>
  <testcase name="test_getProductById_Found" classname="com.diaudrimes.productapp.api.ProductControllerTest" time="0.001"/>
  <testcase name="test_getAllProducts_Found" classname="com.diaudrimes.productapp.api.ProductControllerTest" time="0.001"/>
  <testcase name="test_patchProduct_InvalidName" classname="com.diaudrimes.productapp.api.ProductControllerTest" time="0.002"/>
  <testcase name="test_postProduct_InvalidQuantity" classname="com.diaudrimes.productapp.api.ProductControllerTest" time="0.001"/>
  <testcase name="test_patchProduct_NonExistingId" classname="com.diaudrimes.productapp.api.ProductControllerTest" time="0.001"/>
  <testcase name="test_postProduct_ValidParameters" classname="com.diaudrimes.productapp.api.ProductControllerTest" time="0.001"/>
  <testcase name="test_deleteProduct_InvalidID" classname="com.diaudrimes.productapp.api.ProductControllerTest" time="0.001"/>
</testsuite>